т╝атіатЈІg╣е Thu May  3 21:40:35 2018
т╝атіатЈІОчЛЭ Thu May  3 21:45:32 2018
т╝атіатЈІGQЗ§ Thu May  3 21:45:51 2018
т╝атіатЈІу]▄ Thu May  3 21:46:41 2018
т╝атіатЈІэЬ2 Thu May  3 21:51:18 2018
т╝атіатЈІО]kз Thu May  3 21:52:21 2018
т╝аdfsd Thu May  3 21:53:49 2018
т╝аЄЛ Thu May  3 21:54:07 2018
т╝а # Thu May  3 21:58:27 2018
т╝а░╦ Thu May  3 22:00:36 2018
т╝а┼p Thu May  3 22:01:23 2018
т╝аLv Thu May  3 22:02:02 2018
т╝аdsgdfgdяU­ Thu May  3 22:03:03 2018
т╝аdsgdfgd-Й5 Thu May  3 22:04:10 2018
т╝аdsgdfgd Thu May  3 22:05:52 2018
т╝а Thu May  3 22:06:10 2018
т╝а# Thu May  3 22:09:11 2018
т╝а # Thu May  3 22:09:26 2018
т╝а                   Thu May  3 22:09:44 2018
т╝а                   Thu May  3 22:10:14 2018
т╝а                   Thu May  3 22:10:29 2018
т╝а                   Thu May  3 22:10:44 2018
т╝а  # Thu May  3 22:22:30 2018
т╝а  # Thu May  3 22:24:08 2018
т╝а  # Thu May  3 22:25:13 2018
